

Started GET "/assets/rails.png" for 127.0.0.1 at 2012-09-15 09:35:38 -0700
Connecting to database specified by database.yml

Mysql2::Error (Unknown database 'i_am_blank_development'):
  mysql2 (0.3.11) lib/mysql2/client.rb:44:in `connect'
  mysql2 (0.3.11) lib/mysql2/client.rb:44:in `initialize'
  activerecord (3.2.8) lib/active_record/connection_adapters/mysql2_adapter.rb:16:in `new'
  activerecord (3.2.8) lib/active_record/connection_adapters/mysql2_adapter.rb:16:in `mysql2_connection'
  activerecord (3.2.8) lib/active_record/connection_adapters/abstract/connection_pool.rb:309:in `new_connection'
  activerecord (3.2.8) lib/active_record/connection_adapters/abstract/connection_pool.rb:319:in `checkout_new_connection'
  activerecord (3.2.8) lib/active_record/connection_adapters/abstract/connection_pool.rb:241:in `block (2 levels) in checkout'
  activerecord (3.2.8) lib/active_record/connection_adapters/abstract/connection_pool.rb:236:in `loop'
  activerecord (3.2.8) lib/active_record/connection_adapters/abstract/connection_pool.rb:236:in `block in checkout'
  /Users/huggles/.rbenv/versions/1.9.3-p194/lib/ruby/1.9.1/monitor.rb:211:in `mon_synchronize'
  activerecord (3.2.8) lib/active_record/connection_adapters/abstract/connection_pool.rb:233:in `checkout'
  activerecord (3.2.8) lib/active_record/connection_adapters/abstract/connection_pool.rb:96:in `block in connection'
  /Users/huggles/.rbenv/versions/1.9.3-p194/lib/ruby/1.9.1/monitor.rb:211:in `mon_synchronize'
  activerecord (3.2.8) lib/active_record/connection_adapters/abstract/connection_pool.rb:95:in `connection'
  activerecord (3.2.8) lib/active_record/connection_adapters/abstract/connection_pool.rb:404:in `retrieve_connection'
  activerecord (3.2.8) lib/active_record/connection_adapters/abstract/connection_specification.rb:170:in `retrieve_connection'
  activerecord (3.2.8) lib/active_record/connection_adapters/abstract/connection_specification.rb:144:in `connection'
  activerecord (3.2.8) lib/active_record/query_cache.rb:67:in `rescue in call'
  activerecord (3.2.8) lib/active_record/query_cache.rb:61:in `call'
  activerecord (3.2.8) lib/active_record/connection_adapters/abstract/connection_pool.rb:473:in `call'
  actionpack (3.2.8) lib/action_dispatch/middleware/callbacks.rb:28:in `block in call'
  activesupport (3.2.8) lib/active_support/callbacks.rb:405:in `_run__1532289552630469625__call__3143340320848283534__callbacks'
  activesupport (3.2.8) lib/active_support/callbacks.rb:405:in `__run_callback'
  activesupport (3.2.8) lib/active_support/callbacks.rb:385:in `_run_call_callbacks'
  activesupport (3.2.8) lib/active_support/callbacks.rb:81:in `run_callbacks'
  actionpack (3.2.8) lib/action_dispatch/middleware/callbacks.rb:27:in `call'
  actionpack (3.2.8) lib/action_dispatch/middleware/reloader.rb:65:in `call'
  actionpack (3.2.8) lib/action_dispatch/middleware/remote_ip.rb:31:in `call'
  actionpack (3.2.8) lib/action_dispatch/middleware/debug_exceptions.rb:16:in `call'
  actionpack (3.2.8) lib/action_dispatch/middleware/show_exceptions.rb:56:in `call'
  railties (3.2.8) lib/rails/rack/logger.rb:26:in `call_app'
  railties (3.2.8) lib/rails/rack/logger.rb:16:in `call'
  actionpack (3.2.8) lib/action_dispatch/middleware/request_id.rb:22:in `call'
  rack (1.4.1) lib/rack/methodoverride.rb:21:in `call'
  rack (1.4.1) lib/rack/runtime.rb:17:in `call'
  activesupport (3.2.8) lib/active_support/cache/strategy/local_cache.rb:72:in `call'
  rack (1.4.1) lib/rack/lock.rb:15:in `call'
  actionpack (3.2.8) lib/action_dispatch/middleware/static.rb:62:in `call'
  railties (3.2.8) lib/rails/engine.rb:479:in `call'
  railties (3.2.8) lib/rails/application.rb:223:in `call'
  rack (1.4.1) lib/rack/content_length.rb:14:in `call'
  railties (3.2.8) lib/rails/rack/log_tailer.rb:17:in `call'
  rack (1.4.1) lib/rack/handler/webrick.rb:59:in `service'
  /Users/huggles/.rbenv/versions/1.9.3-p194/lib/ruby/1.9.1/webrick/httpserver.rb:138:in `service'
  /Users/huggles/.rbenv/versions/1.9.3-p194/lib/ruby/1.9.1/webrick/httpserver.rb:94:in `run'
  /Users/huggles/.rbenv/versions/1.9.3-p194/lib/ruby/1.9.1/webrick/server.rb:191:in `block in start_thread'


  Rendered /Users/huggles/.rbenv/versions/1.9.3-p194/lib/ruby/gems/1.9.1/gems/actionpack-3.2.8/lib/action_dispatch/middleware/templates/rescues/_trace.erb (1.0ms)
  Rendered /Users/huggles/.rbenv/versions/1.9.3-p194/lib/ruby/gems/1.9.1/gems/actionpack-3.2.8/lib/action_dispatch/middleware/templates/rescues/_request_and_response.erb (1.7ms)
  Rendered /Users/huggles/.rbenv/versions/1.9.3-p194/lib/ruby/gems/1.9.1/gems/actionpack-3.2.8/lib/action_dispatch/middleware/templates/rescues/diagnostics.erb within rescues/layout (9.7ms)
Connecting to database specified by database.yml
  [1m[36m (57.3ms)[0m  [1mCREATE TABLE `schema_migrations` (`version` varchar(255) NOT NULL) ENGINE=InnoDB[0m
  [1m[35m (198.9ms)[0m  CREATE UNIQUE INDEX `unique_schema_migrations` ON `schema_migrations` (`version`)
  [1m[36m (38.8ms)[0m  [1mSELECT `schema_migrations`.`version` FROM `schema_migrations` [0m


Started GET "/assets/rails.png" for 127.0.0.1 at 2012-09-15 09:36:15 -0700
Connecting to database specified by database.yml
Served asset /rails.png - 200 OK (75ms)


Started GET "/" for 127.0.0.1 at 2012-09-15 09:36:38 -0700
Connecting to database specified by database.yml

ActionController::RoutingError (No route matches [GET] "/"):
  actionpack (3.2.8) lib/action_dispatch/middleware/debug_exceptions.rb:21:in `call'
  actionpack (3.2.8) lib/action_dispatch/middleware/show_exceptions.rb:56:in `call'
  railties (3.2.8) lib/rails/rack/logger.rb:26:in `call_app'
  railties (3.2.8) lib/rails/rack/logger.rb:16:in `call'
  actionpack (3.2.8) lib/action_dispatch/middleware/request_id.rb:22:in `call'
  rack (1.4.1) lib/rack/methodoverride.rb:21:in `call'
  rack (1.4.1) lib/rack/runtime.rb:17:in `call'
  activesupport (3.2.8) lib/active_support/cache/strategy/local_cache.rb:72:in `call'
  rack (1.4.1) lib/rack/lock.rb:15:in `call'
  actionpack (3.2.8) lib/action_dispatch/middleware/static.rb:62:in `call'
  railties (3.2.8) lib/rails/engine.rb:479:in `call'
  railties (3.2.8) lib/rails/application.rb:223:in `call'
  rack (1.4.1) lib/rack/content_length.rb:14:in `call'
  railties (3.2.8) lib/rails/rack/log_tailer.rb:17:in `call'
  rack (1.4.1) lib/rack/handler/webrick.rb:59:in `service'
  /Users/huggles/.rbenv/versions/1.9.3-p194/lib/ruby/1.9.1/webrick/httpserver.rb:138:in `service'
  /Users/huggles/.rbenv/versions/1.9.3-p194/lib/ruby/1.9.1/webrick/httpserver.rb:94:in `run'
  /Users/huggles/.rbenv/versions/1.9.3-p194/lib/ruby/1.9.1/webrick/server.rb:191:in `block in start_thread'


  Rendered /Users/huggles/.rbenv/versions/1.9.3-p194/lib/ruby/gems/1.9.1/gems/actionpack-3.2.8/lib/action_dispatch/middleware/templates/rescues/routing_error.erb within rescues/layout (1.5ms)


Started GET "/" for 127.0.0.1 at 2012-09-15 09:40:13 -0700
Connecting to database specified by database.yml

ActionController::RoutingError (No route matches [GET] "/"):
  actionpack (3.2.8) lib/action_dispatch/middleware/debug_exceptions.rb:21:in `call'
  actionpack (3.2.8) lib/action_dispatch/middleware/show_exceptions.rb:56:in `call'
  railties (3.2.8) lib/rails/rack/logger.rb:26:in `call_app'
  railties (3.2.8) lib/rails/rack/logger.rb:16:in `call'
  actionpack (3.2.8) lib/action_dispatch/middleware/request_id.rb:22:in `call'
  rack (1.4.1) lib/rack/methodoverride.rb:21:in `call'
  rack (1.4.1) lib/rack/runtime.rb:17:in `call'
  activesupport (3.2.8) lib/active_support/cache/strategy/local_cache.rb:72:in `call'
  rack (1.4.1) lib/rack/lock.rb:15:in `call'
  actionpack (3.2.8) lib/action_dispatch/middleware/static.rb:62:in `call'
  railties (3.2.8) lib/rails/engine.rb:479:in `call'
  railties (3.2.8) lib/rails/application.rb:223:in `call'
  railties (3.2.8) lib/rails/railtie/configurable.rb:30:in `method_missing'
  /Users/huggles/Library/Application Support/Pow/Versions/0.4.0/node_modules/nack/lib/nack/server.rb:147:in `handle'
  /Users/huggles/Library/Application Support/Pow/Versions/0.4.0/node_modules/nack/lib/nack/server.rb:99:in `rescue in block (2 levels) in start'
  /Users/huggles/Library/Application Support/Pow/Versions/0.4.0/node_modules/nack/lib/nack/server.rb:96:in `block (2 levels) in start'
  /Users/huggles/Library/Application Support/Pow/Versions/0.4.0/node_modules/nack/lib/nack/server.rb:86:in `each'
  /Users/huggles/Library/Application Support/Pow/Versions/0.4.0/node_modules/nack/lib/nack/server.rb:86:in `block in start'
  /Users/huggles/Library/Application Support/Pow/Versions/0.4.0/node_modules/nack/lib/nack/server.rb:66:in `loop'
  /Users/huggles/Library/Application Support/Pow/Versions/0.4.0/node_modules/nack/lib/nack/server.rb:66:in `start'
  /Users/huggles/Library/Application Support/Pow/Versions/0.4.0/node_modules/nack/lib/nack/server.rb:13:in `run'
  /Users/huggles/Library/Application Support/Pow/Versions/0.4.0/node_modules/nack/bin/nack_worker:4:in `<main>'


  Rendered /Users/huggles/.rbenv/versions/1.9.3-p194/lib/ruby/gems/1.9.1/gems/actionpack-3.2.8/lib/action_dispatch/middleware/templates/rescues/routing_error.erb within rescues/layout (1.6ms)
Connecting to database specified by database.yml
  [1m[36m (1.3ms)[0m  [1mSELECT `schema_migrations`.`version` FROM `schema_migrations` [0m
  [1m[35m (0.5ms)[0m  DROP DATABASE IF EXISTS `i_am_blank_test`
  [1m[36m (0.2ms)[0m  [1mCREATE DATABASE `i_am_blank_test` DEFAULT CHARACTER SET `utf8` COLLATE `utf8_unicode_ci`[0m
  [1m[35m (51.9ms)[0m  CREATE TABLE `schema_migrations` (`version` varchar(255) NOT NULL) ENGINE=InnoDB
  [1m[36m (218.5ms)[0m  [1mCREATE UNIQUE INDEX `unique_schema_migrations` ON `schema_migrations` (`version`)[0m
  [1m[35m (0.4ms)[0m  SELECT version FROM `schema_migrations`
  [1m[36m (0.9ms)[0m  [1mINSERT INTO `schema_migrations` (version) VALUES ('0')[0m
Connecting to database specified by database.yml
  [1m[36m (2.7ms)[0m  [1mSELECT `schema_migrations`.`version` FROM `schema_migrations` [0m
  [1m[35m (30.1ms)[0m  DROP DATABASE IF EXISTS `i_am_blank_test`
  [1m[36m (0.7ms)[0m  [1mCREATE DATABASE `i_am_blank_test` DEFAULT CHARACTER SET `utf8` COLLATE `utf8_unicode_ci`[0m
  [1m[35m (315.6ms)[0m  CREATE TABLE `schema_migrations` (`version` varchar(255) NOT NULL) ENGINE=InnoDB
  [1m[36m (120.5ms)[0m  [1mCREATE UNIQUE INDEX `unique_schema_migrations` ON `schema_migrations` (`version`)[0m
  [1m[35m (0.4ms)[0m  SELECT version FROM `schema_migrations`
  [1m[36m (0.6ms)[0m  [1mINSERT INTO `schema_migrations` (version) VALUES ('0')[0m
Connecting to database specified by database.yml
  [1m[36m (1.2ms)[0m  [1mSELECT `schema_migrations`.`version` FROM `schema_migrations` [0m
  [1m[35m (0.8ms)[0m  DROP DATABASE IF EXISTS `i_am_blank_test`
  [1m[36m (0.3ms)[0m  [1mCREATE DATABASE `i_am_blank_test` DEFAULT CHARACTER SET `utf8` COLLATE `utf8_unicode_ci`[0m
  [1m[35m (74.8ms)[0m  CREATE TABLE `schema_migrations` (`version` varchar(255) NOT NULL) ENGINE=InnoDB
  [1m[36m (126.7ms)[0m  [1mCREATE UNIQUE INDEX `unique_schema_migrations` ON `schema_migrations` (`version`)[0m
  [1m[35m (0.4ms)[0m  SELECT version FROM `schema_migrations`
  [1m[36m (0.6ms)[0m  [1mINSERT INTO `schema_migrations` (version) VALUES ('0')[0m
Connecting to database specified by database.yml
  [1m[36m (1.3ms)[0m  [1mSELECT `schema_migrations`.`version` FROM `schema_migrations` [0m
  [1m[35m (0.8ms)[0m  DROP DATABASE IF EXISTS `i_am_blank_test`
  [1m[36m (0.2ms)[0m  [1mCREATE DATABASE `i_am_blank_test` DEFAULT CHARACTER SET `utf8` COLLATE `utf8_unicode_ci`[0m
  [1m[35m (86.4ms)[0m  CREATE TABLE `schema_migrations` (`version` varchar(255) NOT NULL) ENGINE=InnoDB
  [1m[36m (294.4ms)[0m  [1mCREATE UNIQUE INDEX `unique_schema_migrations` ON `schema_migrations` (`version`)[0m
  [1m[35m (0.3ms)[0m  SELECT version FROM `schema_migrations`
  [1m[36m (0.6ms)[0m  [1mINSERT INTO `schema_migrations` (version) VALUES ('0')[0m
